# JRE version: Java(TM) SE Runtime Environment (7.0_80-b15) (build 1.7.0_80-b15)
# Java VM: Java HotSpot(TM) 64-Bit Server VM (24.80-b11 mixed mode linux-amd64 compressed oops)
Heap
 PSYoungGen      total 69632K, used 67675K [0x00000000f0000000, 0x00000000f8800000, 0x0000000100000000)
  eden space 64512K, 96% used [0x00000000f0000000,0x00000000f3d19f78,0x00000000f3f00000)
  from space 5120K, 99% used [0x00000000f3f00000,0x00000000f43fcf88,0x00000000f4400000)
  to   space 5120K, 0% used [0x00000000f8300000,0x00000000f8300000,0x00000000f8800000)
 ParOldGen       total 83968K, used 12387K [0x00000000d0000000, 0x00000000d5200000, 0x00000000f0000000)
  object space 83968K, 14% used [0x00000000d0000000,0x00000000d0c18f28,0x00000000d5200000)
 PSPermGen       total 37888K, used 37380K [0x00000000b8000000, 0x00000000ba500000, 0x00000000d0000000)
  object space 37888K, 98% used [0x00000000b8000000,0x00000000ba481270,0x00000000ba500000)
GC Heap History (6 events):
Event: 0,717 GC heap before
{Heap before GC invocations=1 (full 0):
 PSYoungGen      total 37376K, used 32256K [0x00000000f0000000, 0x00000000f2980000, 0x0000000100000000)
  eden space 32256K, 100% used [0x00000000f0000000,0x00000000f1f80000,0x00000000f1f80000)
  from space 5120K, 0% used [0x00000000f2480000,0x00000000f2480000,0x00000000f2980000)
  to   space 5120K, 0% used [0x00000000f1f80000,0x00000000f1f80000,0x00000000f2480000)
 ParOldGen       total 83968K, used 0K [0x00000000d0000000, 0x00000000d5200000, 0x00000000f0000000)
  object space 83968K, 0% used [0x00000000d0000000,0x00000000d0000000,0x00000000d5200000)
 PSPermGen       total 21504K, used 11136K [0x00000000b8000000, 0x00000000b9500000, 0x00000000d0000000)
  object space 21504K, 51% used [0x00000000b8000000,0x00000000b8ae0350,0x00000000b9500000)
Event: 0,731 GC heap after
Heap after GC invocations=1 (full 0):
 PSYoungGen      total 37376K, used 5092K [0x00000000f0000000, 0x00000000f4900000, 0x0000000100000000)
  eden space 32256K, 0% used [0x00000000f0000000,0x00000000f0000000,0x00000000f1f80000)
  from space 5120K, 99% used [0x00000000f1f80000,0x00000000f24790a0,0x00000000f2480000)
  to   space 5120K, 0% used [0x00000000f4400000,0x00000000f4400000,0x00000000f4900000)
 ParOldGen       total 83968K, used 1318K [0x00000000d0000000, 0x00000000d5200000, 0x00000000f0000000)
  object space 83968K, 1% used [0x00000000d0000000,0x00000000d0149890,0x00000000d5200000)
 PSPermGen       total 21504K, used 11136K [0x00000000b8000000, 0x00000000b9500000, 0x00000000d0000000)
  object space 21504K, 51% used [0x00000000b8000000,0x00000000b8ae0350,0x00000000b9500000)
}
Event: 1,410 GC heap before
{Heap before GC invocations=2 (full 0):
 PSYoungGen      total 37376K, used 37348K [0x00000000f0000000, 0x00000000f4900000, 0x0000000100000000)
  eden space 32256K, 100% used [0x00000000f0000000,0x00000000f1f80000,0x00000000f1f80000)
  from space 5120K, 99% used [0x00000000f1f80000,0x00000000f24790a0,0x00000000f2480000)
  to   space 5120K, 0% used [0x00000000f4400000,0x00000000f4400000,0x00000000f4900000)
 ParOldGen       total 83968K, used 1318K [0x00000000d0000000, 0x00000000d5200000, 0x00000000f0000000)
  object space 83968K, 1% used [0x00000000d0000000,0x00000000d0149890,0x00000000d5200000)
 PSPermGen       total 21504K, used 17427K [0x00000000b8000000, 0x00000000b9500000, 0x00000000d0000000)
  object space 21504K, 81% used [0x00000000b8000000,0x00000000b9104f50,0x00000000b9500000)
Event: 1,423 GC heap after
Heap after GC invocations=2 (full 0):
 PSYoungGen      total 69632K, used 5112K [0x00000000f0000000, 0x00000000f4900000, 0x0000000100000000)
  eden space 64512K, 0% used [0x00000000f0000000,0x00000000f0000000,0x00000000f3f00000)
  from space 5120K, 99% used [0x00000000f4400000,0x00000000f48fe358,0x00000000f4900000)
  to   space 5120K, 0% used [0x00000000f3f00000,0x00000000f3f00000,0x00000000f4400000)
 ParOldGen       total 83968K, used 3076K [0x00000000d0000000, 0x00000000d5200000, 0x00000000f0000000)
  object space 83968K, 3% used [0x00000000d0000000,0x00000000d03012f8,0x00000000d5200000)
 PSPermGen       total 21504K, used 17427K [0x00000000b8000000, 0x00000000b9500000, 0x00000000d0000000)
  object space 21504K, 81% used [0x00000000b8000000,0x00000000b9104f50,0x00000000b9500000)
}
Event: 3,053 GC heap before
{Heap before GC invocations=3 (full 0):
 PSYoungGen      total 69632K, used 69624K [0x00000000f0000000, 0x00000000f4900000, 0x0000000100000000)
  eden space 64512K, 100% used [0x00000000f0000000,0x00000000f3f00000,0x00000000f3f00000)
  from space 5120K, 99% used [0x00000000f4400000,0x00000000f48fe358,0x00000000f4900000)
  to   space 5120K, 0% used [0x00000000f3f00000,0x00000000f3f00000,0x00000000f4400000)
 ParOldGen       total 83968K, used 3076K [0x00000000d0000000, 0x00000000d5200000, 0x00000000f0000000)
  object space 83968K, 3% used [0x00000000d0000000,0x00000000d03012f8,0x00000000d5200000)
 PSPermGen       total 31744K, used 31470K [0x00000000b8000000, 0x00000000b9f00000, 0x00000000d0000000)
  object space 31744K, 99% used [0x00000000b8000000,0x00000000b9ebb890,0x00000000b9f00000)
Event: 3,099 GC heap after
Heap after GC invocations=3 (full 0):
 PSYoungGen      total 69632K, used 5107K [0x00000000f0000000, 0x00000000f8800000, 0x0000000100000000)
  eden space 64512K, 0% used [0x00000000f0000000,0x00000000f0000000,0x00000000f3f00000)
  from space 5120K, 99% used [0x00000000f3f00000,0x00000000f43fcf88,0x00000000f4400000)
  to   space 5120K, 0% used [0x00000000f8300000,0x00000000f8300000,0x00000000f8800000)
 ParOldGen       total 83968K, used 12387K [0x00000000d0000000, 0x00000000d5200000, 0x00000000f0000000)
  object space 83968K, 14% used [0x00000000d0000000,0x00000000d0c18f28,0x00000000d5200000)
 PSPermGen       total 31744K, used 31470K [0x00000000b8000000, 0x00000000b9f00000, 0x00000000d0000000)
  object space 31744K, 99% used [0x00000000b8000000,0x00000000b9ebb890,0x00000000b9f00000)
}

