# JRE version: Java(TM) SE Runtime Environment (8.0_101-b13) (build 1.8.0_101-b13)
# Java VM: Java HotSpot(TM) 64-Bit Server VM (25.101-b13 mixed mode linux-amd64 compressed oops)
Heap:
 garbage-first heap   total 144384K, used 75264K [0x00000000e0000000, 0x00000000e0100468, 0x0000000100000000)
  region size 1024K, 10 young (10240K), 9 survivors (9216K)
 Metaspace       used 45277K, capacity 45738K, committed 45952K, reserved 1087488K
  class space    used 8573K, capacity 8706K, committed 8832K, reserved 1048576K
GC Heap History (10 events):
Event: 2,257 GC heap before
{Heap before GC invocations=5 (full 0):
 garbage-first heap   total 126976K, used 53608K [0x00000000e0000000, 0x00000000e01003e0, 0x0000000100000000)
  region size 1024K, 47 young (48128K), 10 survivors (10240K)
 Metaspace       used 35530K, capacity 35856K, committed 35920K, reserved 1079296K
  class space    used 6318K, capacity 6400K, committed 6400K, reserved 1048576K
Event: 2,273 GC heap after
Heap after GC invocations=6 (full 0):
 garbage-first heap   total 126976K, used 23040K [0x00000000e0000000, 0x00000000e01003e0, 0x0000000100000000)
  region size 1024K, 10 young (10240K), 10 survivors (10240K)
 Metaspace       used 35530K, capacity 35856K, committed 35920K, reserved 1079296K
  class space    used 6318K, capacity 6400K, committed 6400K, reserved 1048576K
}
Event: 2,656 GC heap before
{Heap before GC invocations=7 (full 0):
 garbage-first heap   total 126976K, used 82432K [0x00000000e0000000, 0x00000000e01003e0, 0x0000000100000000)
  region size 1024K, 74 young (75776K), 10 survivors (10240K)
 Metaspace       used 38176K, capacity 38512K, committed 38656K, reserved 1081344K
  class space    used 6998K, capacity 7072K, committed 7168K, reserved 1048576K
Event: 2,665 GC heap after
Heap after GC invocations=8 (full 0):
 garbage-first heap   total 126976K, used 18670K [0x00000000e0000000, 0x00000000e01003e0, 0x0000000100000000)
  region size 1024K, 10 young (10240K), 10 survivors (10240K)
 Metaspace       used 38176K, capacity 38512K, committed 38656K, reserved 1081344K
  class space    used 6998K, capacity 7072K, committed 7168K, reserved 1048576K
}
Event: 3,015 GC heap before
{Heap before GC invocations=8 (full 0):
 garbage-first heap   total 126976K, used 84206K [0x00000000e0000000, 0x00000000e01003e0, 0x0000000100000000)
  region size 1024K, 74 young (75776K), 10 survivors (10240K)
 Metaspace       used 41501K, capacity 41872K, committed 41984K, reserved 1083392K
  class space    used 7747K, capacity 7868K, committed 7936K, reserved 1048576K
Event: 3,027 GC heap after
Heap after GC invocations=9 (full 0):
 garbage-first heap   total 126976K, used 26548K [0x00000000e0000000, 0x00000000e01003e0, 0x0000000100000000)
  region size 1024K, 10 young (10240K), 10 survivors (10240K)
 Metaspace       used 41501K, capacity 41872K, committed 41984K, reserved 1083392K
  class space    used 7747K, capacity 7868K, committed 7936K, reserved 1048576K
}
Event: 3,273 GC heap before
{Heap before GC invocations=9 (full 0):
 garbage-first heap   total 126976K, used 92084K [0x00000000e0000000, 0x00000000e01003e0, 0x0000000100000000)
  region size 1024K, 74 young (75776K), 10 survivors (10240K)
 Metaspace       used 42254K, capacity 42666K, committed 42752K, reserved 1083392K
  class space    used 8033K, capacity 8130K, committed 8192K, reserved 1048576K
Event: 3,294 GC heap after
Heap after GC invocations=10 (full 0):
 garbage-first heap   total 126976K, used 44544K [0x00000000e0000000, 0x00000000e01003e0, 0x0000000100000000)
  region size 1024K, 10 young (10240K), 10 survivors (10240K)
 Metaspace       used 42254K, capacity 42666K, committed 42752K, reserved 1083392K
  class space    used 8033K, capacity 8130K, committed 8192K, reserved 1048576K
}
Event: 3,861 GC heap before
{Heap before GC invocations=10 (full 0):
 garbage-first heap   total 126976K, used 103424K [0x00000000e0000000, 0x00000000e01003e0, 0x0000000100000000)
  region size 1024K, 67 young (68608K), 10 survivors (10240K)
 Metaspace       used 45142K, capacity 45578K, committed 45824K, reserved 1087488K
  class space    used 8544K, capacity 8674K, committed 8704K, reserved 1048576K
Event: 3,894 GC heap after
Heap after GC invocations=11 (full 0):
 garbage-first heap   total 144384K, used 75264K [0x00000000e0000000, 0x00000000e0100468, 0x0000000100000000)
  region size 1024K, 9 young (9216K), 9 survivors (9216K)
 Metaspace       used 45142K, capacity 45578K, committed 45824K, reserved 1087488K
  class space    used 8544K, capacity 8674K, committed 8704K, reserved 1048576K
}

